Total Minted Elements: 332

Traits rarity:

headItem
    25 of 332 -  7.53 % - Bandana
    43 of 332 - 12.95 % - Beanie
    41 of 332 - 12.35 % - Bucket Hat
    24 of 332 -  7.23 % - Cowboy
     5 of 332 -  1.51 % - Crown
    39 of 332 - 11.75 % - Dad Hat
     6 of 332 -  1.81 % - Helmet
     1 of 332 -  0.30 % - Paper Bag
    42 of 332 - 12.65 % - Snapback
    37 of 332 - 11.14 % - Tall Mountie
    18 of 332 -  5.42 % - Wide Brim
     0 of 332 -  0.00 % - none

body
    54 of 332 - 16.27 % - Blue
    79 of 332 - 23.80 % - Brown
    17 of 332 -  5.12 % - Green
    82 of 332 - 24.70 % - Grey
    49 of 332 - 14.76 % - Pink
     0 of 332 -  0.00 % - none

tattoos
   225 of 332 - 67.77 % - No
    56 of 332 - 16.87 % - Yes
     0 of 332 -  0.00 % - none

backgrounds
    32 of 332 -  9.64 % - Concrete
    42 of 332 - 12.65 % - Plaster
    54 of 332 - 16.27 % - Rust
    60 of 332 - 18.07 % - Season1
    48 of 332 - 14.46 % - Tile
    45 of 332 - 13.55 % - Wood
     0 of 332 -  0.00 % - none

baseLayer
    16 of 332 -  4.82 % - Bare
    75 of 332 - 22.59 % - Crew
    45 of 332 - 13.55 % - Hawaiian Shirt
    82 of 332 - 24.70 % - Hoodie
    19 of 332 -  5.72 % - Jersey
    22 of 332 -  6.63 % - Suit
    22 of 332 -  6.63 % - Tuxedo
     0 of 332 -  0.00 % - none

topLayer
    46 of 332 - 13.86 % - Backpack
    12 of 332 -  3.61 % - Bomber
    17 of 332 -  5.12 % - Denim
    96 of 332 - 28.92 % - None
    10 of 332 -  3.01 % - Puffer Jacket
    29 of 332 -  8.73 % - Puffer Vest
    22 of 332 -  6.63 % - Tactical
    29 of 332 -  8.73 % - Utility Jacket
    20 of 332 -  6.02 % - Varsity
     0 of 332 -  0.00 % - none

eyes
    10 of 332 -  3.01 % - Balaclava
    32 of 332 -  9.64 % - Black Sunglass
    18 of 332 -  5.42 % - Eye Patch
    18 of 332 -  5.42 % - Gas Mask
    33 of 332 -  9.94 % - Goggles
    25 of 332 -  7.53 % - Gold Sunglass
   124 of 332 - 37.35 % - None
    21 of 332 -  6.33 % - VR
     0 of 332 -  0.00 % - none

neck
    13 of 332 -  3.92 % - Diamond
    19 of 332 -  5.72 % - Gold
   236 of 332 - 71.08 % - None
    13 of 332 -  3.92 % - Two Chains
     0 of 332 -  0.00 % - none

mouth
    44 of 332 - 13.25 % - Bandana
    27 of 332 -  8.13 % - Bubble Gum
    22 of 332 -  6.63 % - Cigar
   178 of 332 - 53.61 % - None
    10 of 332 -  3.01 % - Vape
     0 of 332 -  0.00 % - none

ears
    21 of 332 -  6.33 % - Earbuds
    28 of 332 -  8.43 % - Earring
   232 of 332 - 69.88 % - None
     0 of 332 -  0.00 % - none


Traits Amount Rarity:
  0 traits:   51 of 332 - 15.36 %
  10 traits:  281 of 332 - 84.64 %


Elements Rarity Score:
     7: Ranked  198 of 332 - score  57.79971383
    11: Ranked  282 of 332 - score   0.00000000
    19: Ranked  145 of 332 - score  66.96427254
    22: Ranked   26 of 332 - score  99.21961494
    36: Ranked   20 of 332 - score 101.20459371
    37: Ranked  100 of 332 - score  74.27622476
    46: Ranked   16 of 332 - score 103.56917577
    50: Ranked  283 of 332 - score   0.00000000
    54: Ranked   99 of 332 - score  74.34070304
    84: Ranked   73 of 332 - score  79.59071279
    85: Ranked  149 of 332 - score  66.03154216
    88: Ranked   74 of 332 - score  79.30074583
    90: Ranked  284 of 332 - score   0.00000000
   101: Ranked   11 of 332 - score 106.72679013
   102: Ranked   37 of 332 - score  91.67647999
   103: Ranked  105 of 332 - score  73.59463413
   104: Ranked    1 of 332 - score 386.98237724
   105: Ranked   51 of 332 - score  86.56761124
   109: Ranked   10 of 332 - score 107.71144743
   111: Ranked  134 of 332 - score  68.65616097
   135: Ranked   40 of 332 - score  91.06550316
   142: Ranked   79 of 332 - score  78.30448641
   150: Ranked   21 of 332 - score 101.16699018
   151: Ranked    3 of 332 - score 123.70360950
   159: Ranked  285 of 332 - score   0.00000000
   160: Ranked  232 of 332 - score  52.29293347
   162: Ranked   32 of 332 - score  95.43702282
   167: Ranked  138 of 332 - score  67.73865982
   172: Ranked  286 of 332 - score   0.00000000
   173: Ranked  281 of 332 - score  35.66431107
   174: Ranked  165 of 332 - score  63.35989448
   175: Ranked  103 of 332 - score  74.00828528
   176: Ranked   44 of 332 - score  88.55074187
   177: Ranked  248 of 332 - score  49.71934478
   178: Ranked   39 of 332 - score  91.27793999
   179: Ranked  287 of 332 - score   0.00000000
   180: Ranked  192 of 332 - score  58.98353934
   181: Ranked  288 of 332 - score   0.00000000
   182: Ranked  260 of 332 - score  46.31329903
   183: Ranked  166 of 332 - score  63.26750806
   184: Ranked  206 of 332 - score  57.42993257
   185: Ranked   80 of 332 - score  78.22272727
   190: Ranked  168 of 332 - score  63.08295923
   191: Ranked  167 of 332 - score  63.18858614
   203: Ranked  196 of 332 - score  58.66135377
   206: Ranked  121 of 332 - score  70.49597414
   207: Ranked  107 of 332 - score  73.32489441
   208: Ranked  289 of 332 - score   0.00000000
   209: Ranked  265 of 332 - score  45.65388551
   210: Ranked   55 of 332 - score  85.36825375
   211: Ranked  290 of 332 - score   0.00000000
   223: Ranked  246 of 332 - score  50.12841708
   224: Ranked  273 of 332 - score  43.85065791
   225: Ranked  131 of 332 - score  68.88659250
   230: Ranked  291 of 332 - score   0.00000000
   237: Ranked  213 of 332 - score  55.87466566
   241: Ranked   76 of 332 - score  79.03183393
   242: Ranked   59 of 332 - score  84.26391575
   254: Ranked  269 of 332 - score  44.61350247
   276: Ranked  241 of 332 - score  51.39941638
   277: Ranked  255 of 332 - score  48.22686407
   279: Ranked   31 of 332 - score  96.27099159
   280: Ranked  202 of 332 - score  57.58640475
   287: Ranked  172 of 332 - score  62.00257423
   288: Ranked   95 of 332 - score  74.93302033
   297: Ranked  292 of 332 - score   0.00000000
   298: Ranked   83 of 332 - score  77.16649835
   299: Ranked  142 of 332 - score  67.23525682
   323: Ranked  274 of 332 - score  42.04200317
   325: Ranked   82 of 332 - score  77.39756344
   327: Ranked  251 of 332 - score  48.92681575
   329: Ranked  125 of 332 - score  70.00486953
   338: Ranked  179 of 332 - score  60.79268872
   339: Ranked   77 of 332 - score  78.87688321
   340: Ranked  135 of 332 - score  68.45991371
   343: Ranked  293 of 332 - score   0.00000000
   344: Ranked  235 of 332 - score  52.12092845
   352: Ranked   88 of 332 - score  76.05151008
   356: Ranked  294 of 332 - score   0.00000000
   357: Ranked    8 of 332 - score 112.68918253
   374: Ranked  295 of 332 - score   0.00000000
   375: Ranked  147 of 332 - score  66.18668702
   376: Ranked  140 of 332 - score  67.50237924
   377: Ranked  110 of 332 - score  71.91576004
   380: Ranked  109 of 332 - score  72.58211671
   381: Ranked  296 of 332 - score   0.00000000
   382: Ranked   41 of 332 - score  90.46679076
   383: Ranked  162 of 332 - score  64.10046687
   385: Ranked  228 of 332 - score  52.92320364
   387: Ranked  297 of 332 - score   0.00000000
   388: Ranked  256 of 332 - score  47.61880546
   389: Ranked  178 of 332 - score  60.97250565
   392: Ranked  205 of 332 - score  57.46884546
   396: Ranked   18 of 332 - score 103.39256956
   397: Ranked  298 of 332 - score   0.00000000
   399: Ranked  236 of 332 - score  52.06049959
   401: Ranked  299 of 332 - score   0.00000000
   403: Ranked  129 of 332 - score  69.00866678
   406: Ranked   46 of 332 - score  88.11478779
   408: Ranked  209 of 332 - score  56.78635805
   409: Ranked  300 of 332 - score   0.00000000
   410: Ranked  115 of 332 - score  71.49431935
   414: Ranked  301 of 332 - score   0.00000000
   415: Ranked  215 of 332 - score  55.47193528
   428: Ranked  120 of 332 - score  70.69407924
   429: Ranked  302 of 332 - score   0.00000000
   430: Ranked  144 of 332 - score  67.10979898
   431: Ranked  183 of 332 - score  60.02215944
   432: Ranked  238 of 332 - score  51.78437205
   433: Ranked  181 of 332 - score  60.52644355
   451: Ranked  261 of 332 - score  46.31068590
   455: Ranked   38 of 332 - score  91.54855019
   465: Ranked   63 of 332 - score  83.08093711
   471: Ranked  276 of 332 - score  41.39139865
   474: Ranked   23 of 332 - score  99.50888545
   483: Ranked  253 of 332 - score  48.56544733
   489: Ranked   43 of 332 - score  89.08491156
   490: Ranked  303 of 332 - score   0.00000000
   491: Ranked   60 of 332 - score  84.25090402
   492: Ranked  117 of 332 - score  71.06621956
   493: Ranked  304 of 332 - score   0.00000000
   494: Ranked    2 of 332 - score 144.05151580
   495: Ranked  133 of 332 - score  68.70642388
   496: Ranked  210 of 332 - score  56.40200220
   503: Ranked   36 of 332 - score  92.22109677
   517: Ranked  305 of 332 - score   0.00000000
   518: Ranked  306 of 332 - score   0.00000000
   519: Ranked  146 of 332 - score  66.86296641
   520: Ranked   66 of 332 - score  81.66647964
   521: Ranked  184 of 332 - score  59.82995198
   522: Ranked  230 of 332 - score  52.35773166
   523: Ranked  307 of 332 - score   0.00000000
   524: Ranked   87 of 332 - score  76.16037380
   525: Ranked  308 of 332 - score   0.00000000
   530: Ranked   69 of 332 - score  79.96326332
   544: Ranked  309 of 332 - score   0.00000000
   549: Ranked  163 of 332 - score  64.03493502
   550: Ranked  208 of 332 - score  56.78681164
   558: Ranked  139 of 332 - score  67.56366111
   561: Ranked   84 of 332 - score  77.04488015
   562: Ranked   96 of 332 - score  74.68339717
   572: Ranked  180 of 332 - score  60.65470930
   573: Ranked  136 of 332 - score  68.32332335
   574: Ranked  244 of 332 - score  50.42330355
   577: Ranked   54 of 332 - score  85.66075242
   582: Ranked  242 of 332 - score  50.95884766
   585: Ranked  106 of 332 - score  73.41701560
   611: Ranked  203 of 332 - score  57.54748715
   612: Ranked   68 of 332 - score  80.24523013
   614: Ranked  130 of 332 - score  68.97703412
   618: Ranked   67 of 332 - score  81.01305012
   624: Ranked  310 of 332 - score   0.00000000
   625: Ranked  266 of 332 - score  45.61825051
   627: Ranked  220 of 332 - score  54.77903590
   628: Ranked  127 of 332 - score  69.29234884
   629: Ranked  264 of 332 - score  45.85232902
   642: Ranked  151 of 332 - score  65.58384331
   644: Ranked  263 of 332 - score  46.11627652
   646: Ranked  311 of 332 - score   0.00000000
   647: Ranked  312 of 332 - score   0.00000000
   648: Ranked  259 of 332 - score  46.99144340
   649: Ranked  207 of 332 - score  57.32958757
   654: Ranked  195 of 332 - score  58.67421752
   655: Ranked  313 of 332 - score   0.00000000
   656: Ranked  275 of 332 - score  41.70656837
   669: Ranked   72 of 332 - score  79.93618668
   670: Ranked  254 of 332 - score  48.34452468
   671: Ranked  314 of 332 - score   0.00000000
   676: Ranked  270 of 332 - score  44.36620777
   677: Ranked  268 of 332 - score  45.11466130
   691: Ranked   12 of 332 - score 106.45409374
   693: Ranked   75 of 332 - score  79.07289374
   694: Ranked   42 of 332 - score  89.63244938
   695: Ranked  112 of 332 - score  71.66714130
   716: Ranked  182 of 332 - score  60.37968238
   720: Ranked  247 of 332 - score  49.72679176
   724: Ranked  193 of 332 - score  58.70909280
   728: Ranked  222 of 332 - score  54.08036197
   734: Ranked  174 of 332 - score  61.86589271
   741: Ranked  315 of 332 - score   0.00000000
   745: Ranked  227 of 332 - score  53.03847620
   749: Ranked   25 of 332 - score  99.22146149
   750: Ranked  237 of 332 - score  51.98592204
   763: Ranked   91 of 332 - score  75.67833495
   765: Ranked   50 of 332 - score  86.68108514
   773: Ranked   48 of 332 - score  87.35016935
   774: Ranked  278 of 332 - score  38.99330836
   777: Ranked  316 of 332 - score   0.00000000
   781: Ranked  191 of 332 - score  59.06838084
   782: Ranked  214 of 332 - score  55.71662849
  1204: Ranked  155 of 332 - score  65.04311237
  1208: Ranked  243 of 332 - score  50.76016087
  1210: Ranked   47 of 332 - score  87.79136335
  1214: Ranked   19 of 332 - score 103.32626483
  1216: Ranked   49 of 332 - score  86.76235274
  1217: Ranked  154 of 332 - score  65.16774621
  1218: Ranked  223 of 332 - score  54.07546442
  1219: Ranked   65 of 332 - score  82.19536121
  1220: Ranked   53 of 332 - score  85.73609193
  1224: Ranked   27 of 332 - score  99.14192848
  1225: Ranked  199 of 332 - score  57.63855509
  1239: Ranked  200 of 332 - score  57.60956482
  1246: Ranked   17 of 332 - score 103.56145977
  1258: Ranked  271 of 332 - score  44.03088434
  1263: Ranked  317 of 332 - score   0.00000000
  1264: Ranked  249 of 332 - score  49.52337749
  1270: Ranked   90 of 332 - score  75.99116015
  1274: Ranked  194 of 332 - score  58.70385428
  1279: Ranked   56 of 332 - score  85.25871584
  1291: Ranked  156 of 332 - score  64.61788604
  1298: Ranked  164 of 332 - score  63.83553438
  1299: Ranked  119 of 332 - score  70.91635400
  1304: Ranked  318 of 332 - score   0.00000000
  1305: Ranked  239 of 332 - score  51.72786674
  1306: Ranked  319 of 332 - score   0.00000000
  1307: Ranked  148 of 332 - score  66.06450280
  1308: Ranked  272 of 332 - score  43.95111265
  1309: Ranked   98 of 332 - score  74.41364286
  1310: Ranked    4 of 332 - score 120.85914262
  1314: Ranked  234 of 332 - score  52.23652249
  1315: Ranked   97 of 332 - score  74.65613520
  1316: Ranked  245 of 332 - score  50.26757580
  1321: Ranked  128 of 332 - score  69.22325616
  1323: Ranked  320 of 332 - score   0.00000000
  1324: Ranked  111 of 332 - score  71.83257898
  1325: Ranked  118 of 332 - score  70.99921348
  1327: Ranked  113 of 332 - score  71.62775645
  1328: Ranked    5 of 332 - score 120.40621740
  1330: Ranked  201 of 332 - score  57.59383810
  1334: Ranked  108 of 332 - score  72.96278002
  1346: Ranked  186 of 332 - score  59.61499167
  1347: Ranked  252 of 332 - score  48.65113371
  1348: Ranked   29 of 332 - score  97.07819384
  1349: Ranked   92 of 332 - score  75.50079439
  1350: Ranked  321 of 332 - score   0.00000000
  1351: Ranked  221 of 332 - score  54.14587861
  1352: Ranked  102 of 332 - score  74.04463448
  1353: Ranked  161 of 332 - score  64.17679690
  1354: Ranked  219 of 332 - score  54.94872342
  1355: Ranked   34 of 332 - score  94.09436762
  1356: Ranked   71 of 332 - score  79.94337320
  1357: Ranked  171 of 332 - score  62.35773739
  1358: Ranked  124 of 332 - score  70.01631274
  1359: Ranked  258 of 332 - score  47.02943533
  1361: Ranked  322 of 332 - score   0.00000000
  1362: Ranked  157 of 332 - score  64.55606439
  1371: Ranked  233 of 332 - score  52.25232131
  1387: Ranked  169 of 332 - score  62.84166117
  1389: Ranked   13 of 332 - score 106.36527487
  1402: Ranked  122 of 332 - score  70.19645673
  1417: Ranked  175 of 332 - score  61.59454297
  1423: Ranked  279 of 332 - score  35.94931480
  1424: Ranked   15 of 332 - score 104.21731366
  1431: Ranked  267 of 332 - score  45.57720924
  1432: Ranked  212 of 332 - score  56.28415107
  1439: Ranked  101 of 332 - score  74.06145541
  1440: Ranked  187 of 332 - score  59.58292219
  1441: Ranked  323 of 332 - score   0.00000000
  1442: Ranked   33 of 332 - score  94.50863993
  1443: Ranked  153 of 332 - score  65.51167666
  1444: Ranked  132 of 332 - score  68.84189245
  1445: Ranked  160 of 332 - score  64.19131467
  1452: Ranked  250 of 332 - score  49.50723132
  1454: Ranked  104 of 332 - score  73.82168088
  1455: Ranked  170 of 332 - score  62.43569072
  1456: Ranked   45 of 332 - score  88.46889524
  1457: Ranked  211 of 332 - score  56.39131506
  1458: Ranked  324 of 332 - score   0.00000000
  1459: Ranked  325 of 332 - score   0.00000000
  1460: Ranked   70 of 332 - score  79.95396037
  1461: Ranked  326 of 332 - score   0.00000000
  1463: Ranked    9 of 332 - score 111.17393639
  1471: Ranked  176 of 332 - score  61.58467427
  1483: Ranked  114 of 332 - score  71.52733067
  1485: Ranked   85 of 332 - score  76.92310302
  1486: Ranked  327 of 332 - score   0.00000000
  1487: Ranked   30 of 332 - score  96.48812800
  1488: Ranked  328 of 332 - score   0.00000000
  1489: Ranked  240 of 332 - score  51.67553633
  1490: Ranked  143 of 332 - score  67.11895246
  1506: Ranked  189 of 332 - score  59.25519519
  1513: Ranked  126 of 332 - score  69.63216950
  1515: Ranked  204 of 332 - score  57.52631103
  1518: Ranked  173 of 332 - score  61.90347665
  1535: Ranked   58 of 332 - score  84.44528540
  1537: Ranked  224 of 332 - score  54.06592142
  1547: Ranked  329 of 332 - score   0.00000000
  1552: Ranked  137 of 332 - score  67.81478598
  1556: Ranked  116 of 332 - score  71.47807553
  1557: Ranked   57 of 332 - score  85.15959568
  1558: Ranked  197 of 332 - score  58.35234805
  1562: Ranked  262 of 332 - score  46.24532856
  1566: Ranked   52 of 332 - score  85.89484165
  1568: Ranked   64 of 332 - score  82.81940768
  1578: Ranked   81 of 332 - score  77.47515540
  1586: Ranked  158 of 332 - score  64.45953067
  1592: Ranked  257 of 332 - score  47.21757891
  1593: Ranked  277 of 332 - score  40.17323275
  1603: Ranked  229 of 332 - score  52.36668150
  1616: Ranked   61 of 332 - score  84.01730892
  1631: Ranked   86 of 332 - score  76.23143797
  1632: Ranked    7 of 332 - score 113.89371584
  1633: Ranked  188 of 332 - score  59.43771173
  1634: Ranked  216 of 332 - score  55.15850659
  1635: Ranked  177 of 332 - score  61.47970816
  1636: Ranked   78 of 332 - score  78.86678704
  1637: Ranked  185 of 332 - score  59.74986820
  1642: Ranked   22 of 332 - score 100.65087930
  1647: Ranked  330 of 332 - score   0.00000000
  1648: Ranked  152 of 332 - score  65.58348083
  1649: Ranked   14 of 332 - score 106.13630321
  1650: Ranked  141 of 332 - score  67.47885178
  1654: Ranked  217 of 332 - score  55.00199217
  1659: Ranked  159 of 332 - score  64.39018132
  1661: Ranked  218 of 332 - score  54.98563912
  1665: Ranked   24 of 332 - score  99.41560306
  1666: Ranked  331 of 332 - score   0.00000000
  1667: Ranked   89 of 332 - score  76.00364884
  1671: Ranked   28 of 332 - score  97.18030127
  1679: Ranked  123 of 332 - score  70.14440198
  1683: Ranked  225 of 332 - score  53.93627406
  1689: Ranked  190 of 332 - score  59.17653635
  1690: Ranked   35 of 332 - score  93.17168676
  1693: Ranked   94 of 332 - score  75.04477631
  1703: Ranked   93 of 332 - score  75.13606230
  1704: Ranked  332 of 332 - score   0.00000000
  1705: Ranked  280 of 332 - score  35.84133908
  1707: Ranked   62 of 332 - score  83.79433874
  1721: Ranked  150 of 332 - score  65.98912988
  1737: Ranked  231 of 332 - score  52.31776588
  1738: Ranked    6 of 332 - score 117.29612321
  1739: Ranked  226 of 332 - score  53.56657537


Elements Rarity Score (sorted):
   104: Ranked    1 of 332 - score 386.98237724
   494: Ranked    2 of 332 - score 144.05151580
   151: Ranked    3 of 332 - score 123.70360950
  1310: Ranked    4 of 332 - score 120.85914262
  1328: Ranked    5 of 332 - score 120.40621740
  1738: Ranked    6 of 332 - score 117.29612321
  1632: Ranked    7 of 332 - score 113.89371584
   357: Ranked    8 of 332 - score 112.68918253
  1463: Ranked    9 of 332 - score 111.17393639
   109: Ranked   10 of 332 - score 107.71144743
   101: Ranked   11 of 332 - score 106.72679013
   691: Ranked   12 of 332 - score 106.45409374
  1389: Ranked   13 of 332 - score 106.36527487
  1649: Ranked   14 of 332 - score 106.13630321
  1424: Ranked   15 of 332 - score 104.21731366
    46: Ranked   16 of 332 - score 103.56917577
  1246: Ranked   17 of 332 - score 103.56145977
   396: Ranked   18 of 332 - score 103.39256956
  1214: Ranked   19 of 332 - score 103.32626483
    36: Ranked   20 of 332 - score 101.20459371
   150: Ranked   21 of 332 - score 101.16699018
  1642: Ranked   22 of 332 - score 100.65087930
   474: Ranked   23 of 332 - score  99.50888545
  1665: Ranked   24 of 332 - score  99.41560306
   749: Ranked   25 of 332 - score  99.22146149
    22: Ranked   26 of 332 - score  99.21961494
  1224: Ranked   27 of 332 - score  99.14192848
  1671: Ranked   28 of 332 - score  97.18030127
  1348: Ranked   29 of 332 - score  97.07819384
  1487: Ranked   30 of 332 - score  96.48812800
   279: Ranked   31 of 332 - score  96.27099159
   162: Ranked   32 of 332 - score  95.43702282
  1442: Ranked   33 of 332 - score  94.50863993
  1355: Ranked   34 of 332 - score  94.09436762
  1690: Ranked   35 of 332 - score  93.17168676
   503: Ranked   36 of 332 - score  92.22109677
   102: Ranked   37 of 332 - score  91.67647999
   455: Ranked   38 of 332 - score  91.54855019
   178: Ranked   39 of 332 - score  91.27793999
   135: Ranked   40 of 332 - score  91.06550316
   382: Ranked   41 of 332 - score  90.46679076
   694: Ranked   42 of 332 - score  89.63244938
   489: Ranked   43 of 332 - score  89.08491156
   176: Ranked   44 of 332 - score  88.55074187
  1456: Ranked   45 of 332 - score  88.46889524
   406: Ranked   46 of 332 - score  88.11478779
  1210: Ranked   47 of 332 - score  87.79136335
   773: Ranked   48 of 332 - score  87.35016935
  1216: Ranked   49 of 332 - score  86.76235274
   765: Ranked   50 of 332 - score  86.68108514
   105: Ranked   51 of 332 - score  86.56761124
  1566: Ranked   52 of 332 - score  85.89484165
  1220: Ranked   53 of 332 - score  85.73609193
   577: Ranked   54 of 332 - score  85.66075242
   210: Ranked   55 of 332 - score  85.36825375
  1279: Ranked   56 of 332 - score  85.25871584
  1557: Ranked   57 of 332 - score  85.15959568
  1535: Ranked   58 of 332 - score  84.44528540
   242: Ranked   59 of 332 - score  84.26391575
   491: Ranked   60 of 332 - score  84.25090402
  1616: Ranked   61 of 332 - score  84.01730892
  1707: Ranked   62 of 332 - score  83.79433874
   465: Ranked   63 of 332 - score  83.08093711
  1568: Ranked   64 of 332 - score  82.81940768
  1219: Ranked   65 of 332 - score  82.19536121
   520: Ranked   66 of 332 - score  81.66647964
   618: Ranked   67 of 332 - score  81.01305012
   612: Ranked   68 of 332 - score  80.24523013
   530: Ranked   69 of 332 - score  79.96326332
  1460: Ranked   70 of 332 - score  79.95396037
  1356: Ranked   71 of 332 - score  79.94337320
   669: Ranked   72 of 332 - score  79.93618668
    84: Ranked   73 of 332 - score  79.59071279
    88: Ranked   74 of 332 - score  79.30074583
   693: Ranked   75 of 332 - score  79.07289374
   241: Ranked   76 of 332 - score  79.03183393
   339: Ranked   77 of 332 - score  78.87688321
  1636: Ranked   78 of 332 - score  78.86678704
   142: Ranked   79 of 332 - score  78.30448641
   185: Ranked   80 of 332 - score  78.22272727
  1578: Ranked   81 of 332 - score  77.47515540
   325: Ranked   82 of 332 - score  77.39756344
   298: Ranked   83 of 332 - score  77.16649835
   561: Ranked   84 of 332 - score  77.04488015
  1485: Ranked   85 of 332 - score  76.92310302
  1631: Ranked   86 of 332 - score  76.23143797
   524: Ranked   87 of 332 - score  76.16037380
   352: Ranked   88 of 332 - score  76.05151008
  1667: Ranked   89 of 332 - score  76.00364884
  1270: Ranked   90 of 332 - score  75.99116015
   763: Ranked   91 of 332 - score  75.67833495
  1349: Ranked   92 of 332 - score  75.50079439
  1703: Ranked   93 of 332 - score  75.13606230
  1693: Ranked   94 of 332 - score  75.04477631
   288: Ranked   95 of 332 - score  74.93302033
   562: Ranked   96 of 332 - score  74.68339717
  1315: Ranked   97 of 332 - score  74.65613520
  1309: Ranked   98 of 332 - score  74.41364286
    54: Ranked   99 of 332 - score  74.34070304
    37: Ranked  100 of 332 - score  74.27622476
  1439: Ranked  101 of 332 - score  74.06145541
  1352: Ranked  102 of 332 - score  74.04463448
   175: Ranked  103 of 332 - score  74.00828528
  1454: Ranked  104 of 332 - score  73.82168088
   103: Ranked  105 of 332 - score  73.59463413
   585: Ranked  106 of 332 - score  73.41701560
   207: Ranked  107 of 332 - score  73.32489441
  1334: Ranked  108 of 332 - score  72.96278002
   380: Ranked  109 of 332 - score  72.58211671
   377: Ranked  110 of 332 - score  71.91576004
  1324: Ranked  111 of 332 - score  71.83257898
   695: Ranked  112 of 332 - score  71.66714130
  1327: Ranked  113 of 332 - score  71.62775645
  1483: Ranked  114 of 332 - score  71.52733067
   410: Ranked  115 of 332 - score  71.49431935
  1556: Ranked  116 of 332 - score  71.47807553
   492: Ranked  117 of 332 - score  71.06621956
  1325: Ranked  118 of 332 - score  70.99921348
  1299: Ranked  119 of 332 - score  70.91635400
   428: Ranked  120 of 332 - score  70.69407924
   206: Ranked  121 of 332 - score  70.49597414
  1402: Ranked  122 of 332 - score  70.19645673
  1679: Ranked  123 of 332 - score  70.14440198
  1358: Ranked  124 of 332 - score  70.01631274
   329: Ranked  125 of 332 - score  70.00486953
  1513: Ranked  126 of 332 - score  69.63216950
   628: Ranked  127 of 332 - score  69.29234884
  1321: Ranked  128 of 332 - score  69.22325616
   403: Ranked  129 of 332 - score  69.00866678
   614: Ranked  130 of 332 - score  68.97703412
   225: Ranked  131 of 332 - score  68.88659250
  1444: Ranked  132 of 332 - score  68.84189245
   495: Ranked  133 of 332 - score  68.70642388
   111: Ranked  134 of 332 - score  68.65616097
   340: Ranked  135 of 332 - score  68.45991371
   573: Ranked  136 of 332 - score  68.32332335
  1552: Ranked  137 of 332 - score  67.81478598
   167: Ranked  138 of 332 - score  67.73865982
   558: Ranked  139 of 332 - score  67.56366111
   376: Ranked  140 of 332 - score  67.50237924
  1650: Ranked  141 of 332 - score  67.47885178
   299: Ranked  142 of 332 - score  67.23525682
  1490: Ranked  143 of 332 - score  67.11895246
   430: Ranked  144 of 332 - score  67.10979898
    19: Ranked  145 of 332 - score  66.96427254
   519: Ranked  146 of 332 - score  66.86296641
   375: Ranked  147 of 332 - score  66.18668702
  1307: Ranked  148 of 332 - score  66.06450280
    85: Ranked  149 of 332 - score  66.03154216
  1721: Ranked  150 of 332 - score  65.98912988
   642: Ranked  151 of 332 - score  65.58384331
  1648: Ranked  152 of 332 - score  65.58348083
  1443: Ranked  153 of 332 - score  65.51167666
  1217: Ranked  154 of 332 - score  65.16774621
  1204: Ranked  155 of 332 - score  65.04311237
  1291: Ranked  156 of 332 - score  64.61788604
  1362: Ranked  157 of 332 - score  64.55606439
  1586: Ranked  158 of 332 - score  64.45953067
  1659: Ranked  159 of 332 - score  64.39018132
  1445: Ranked  160 of 332 - score  64.19131467
  1353: Ranked  161 of 332 - score  64.17679690
   383: Ranked  162 of 332 - score  64.10046687
   549: Ranked  163 of 332 - score  64.03493502
  1298: Ranked  164 of 332 - score  63.83553438
   174: Ranked  165 of 332 - score  63.35989448
   183: Ranked  166 of 332 - score  63.26750806
   191: Ranked  167 of 332 - score  63.18858614
   190: Ranked  168 of 332 - score  63.08295923
  1387: Ranked  169 of 332 - score  62.84166117
  1455: Ranked  170 of 332 - score  62.43569072
  1357: Ranked  171 of 332 - score  62.35773739
   287: Ranked  172 of 332 - score  62.00257423
  1518: Ranked  173 of 332 - score  61.90347665
   734: Ranked  174 of 332 - score  61.86589271
  1417: Ranked  175 of 332 - score  61.59454297
  1471: Ranked  176 of 332 - score  61.58467427
  1635: Ranked  177 of 332 - score  61.47970816
   389: Ranked  178 of 332 - score  60.97250565
   338: Ranked  179 of 332 - score  60.79268872
   572: Ranked  180 of 332 - score  60.65470930
   433: Ranked  181 of 332 - score  60.52644355
   716: Ranked  182 of 332 - score  60.37968238
   431: Ranked  183 of 332 - score  60.02215944
   521: Ranked  184 of 332 - score  59.82995198
  1637: Ranked  185 of 332 - score  59.74986820
  1346: Ranked  186 of 332 - score  59.61499167
  1440: Ranked  187 of 332 - score  59.58292219
  1633: Ranked  188 of 332 - score  59.43771173
  1506: Ranked  189 of 332 - score  59.25519519
  1689: Ranked  190 of 332 - score  59.17653635
   781: Ranked  191 of 332 - score  59.06838084
   180: Ranked  192 of 332 - score  58.98353934
   724: Ranked  193 of 332 - score  58.70909280
  1274: Ranked  194 of 332 - score  58.70385428
   654: Ranked  195 of 332 - score  58.67421752
   203: Ranked  196 of 332 - score  58.66135377
  1558: Ranked  197 of 332 - score  58.35234805
     7: Ranked  198 of 332 - score  57.79971383
  1225: Ranked  199 of 332 - score  57.63855509
  1239: Ranked  200 of 332 - score  57.60956482
  1330: Ranked  201 of 332 - score  57.59383810
   280: Ranked  202 of 332 - score  57.58640475
   611: Ranked  203 of 332 - score  57.54748715
  1515: Ranked  204 of 332 - score  57.52631103
   392: Ranked  205 of 332 - score  57.46884546
   184: Ranked  206 of 332 - score  57.42993257
   649: Ranked  207 of 332 - score  57.32958757
   550: Ranked  208 of 332 - score  56.78681164
   408: Ranked  209 of 332 - score  56.78635805
   496: Ranked  210 of 332 - score  56.40200220
  1457: Ranked  211 of 332 - score  56.39131506
  1432: Ranked  212 of 332 - score  56.28415107
   237: Ranked  213 of 332 - score  55.87466566
   782: Ranked  214 of 332 - score  55.71662849
   415: Ranked  215 of 332 - score  55.47193528
  1634: Ranked  216 of 332 - score  55.15850659
  1654: Ranked  217 of 332 - score  55.00199217
  1661: Ranked  218 of 332 - score  54.98563912
  1354: Ranked  219 of 332 - score  54.94872342
   627: Ranked  220 of 332 - score  54.77903590
  1351: Ranked  221 of 332 - score  54.14587861
   728: Ranked  222 of 332 - score  54.08036197
  1218: Ranked  223 of 332 - score  54.07546442
  1537: Ranked  224 of 332 - score  54.06592142
  1683: Ranked  225 of 332 - score  53.93627406
  1739: Ranked  226 of 332 - score  53.56657537
   745: Ranked  227 of 332 - score  53.03847620
   385: Ranked  228 of 332 - score  52.92320364
  1603: Ranked  229 of 332 - score  52.36668150
   522: Ranked  230 of 332 - score  52.35773166
  1737: Ranked  231 of 332 - score  52.31776588
   160: Ranked  232 of 332 - score  52.29293347
  1371: Ranked  233 of 332 - score  52.25232131
  1314: Ranked  234 of 332 - score  52.23652249
   344: Ranked  235 of 332 - score  52.12092845
   399: Ranked  236 of 332 - score  52.06049959
   750: Ranked  237 of 332 - score  51.98592204
   432: Ranked  238 of 332 - score  51.78437205
  1305: Ranked  239 of 332 - score  51.72786674
  1489: Ranked  240 of 332 - score  51.67553633
   276: Ranked  241 of 332 - score  51.39941638
   582: Ranked  242 of 332 - score  50.95884766
  1208: Ranked  243 of 332 - score  50.76016087
   574: Ranked  244 of 332 - score  50.42330355
  1316: Ranked  245 of 332 - score  50.26757580
   223: Ranked  246 of 332 - score  50.12841708
   720: Ranked  247 of 332 - score  49.72679176
   177: Ranked  248 of 332 - score  49.71934478
  1264: Ranked  249 of 332 - score  49.52337749
  1452: Ranked  250 of 332 - score  49.50723132
   327: Ranked  251 of 332 - score  48.92681575
  1347: Ranked  252 of 332 - score  48.65113371
   483: Ranked  253 of 332 - score  48.56544733
   670: Ranked  254 of 332 - score  48.34452468
   277: Ranked  255 of 332 - score  48.22686407
   388: Ranked  256 of 332 - score  47.61880546
  1592: Ranked  257 of 332 - score  47.21757891
  1359: Ranked  258 of 332 - score  47.02943533
   648: Ranked  259 of 332 - score  46.99144340
   182: Ranked  260 of 332 - score  46.31329903
   451: Ranked  261 of 332 - score  46.31068590
  1562: Ranked  262 of 332 - score  46.24532856
   644: Ranked  263 of 332 - score  46.11627652
   629: Ranked  264 of 332 - score  45.85232902
   209: Ranked  265 of 332 - score  45.65388551
   625: Ranked  266 of 332 - score  45.61825051
  1431: Ranked  267 of 332 - score  45.57720924
   677: Ranked  268 of 332 - score  45.11466130
   254: Ranked  269 of 332 - score  44.61350247
   676: Ranked  270 of 332 - score  44.36620777
  1258: Ranked  271 of 332 - score  44.03088434
  1308: Ranked  272 of 332 - score  43.95111265
   224: Ranked  273 of 332 - score  43.85065791
   323: Ranked  274 of 332 - score  42.04200317
   656: Ranked  275 of 332 - score  41.70656837
   471: Ranked  276 of 332 - score  41.39139865
  1593: Ranked  277 of 332 - score  40.17323275
   774: Ranked  278 of 332 - score  38.99330836
  1423: Ranked  279 of 332 - score  35.94931480
  1705: Ranked  280 of 332 - score  35.84133908
   173: Ranked  281 of 332 - score  35.66431107
    11: Ranked  282 of 332 - score   0.00000000
    50: Ranked  283 of 332 - score   0.00000000
    90: Ranked  284 of 332 - score   0.00000000
   159: Ranked  285 of 332 - score   0.00000000
   172: Ranked  286 of 332 - score   0.00000000
   179: Ranked  287 of 332 - score   0.00000000
   181: Ranked  288 of 332 - score   0.00000000
   208: Ranked  289 of 332 - score   0.00000000
   211: Ranked  290 of 332 - score   0.00000000
   230: Ranked  291 of 332 - score   0.00000000
   297: Ranked  292 of 332 - score   0.00000000
   343: Ranked  293 of 332 - score   0.00000000
   356: Ranked  294 of 332 - score   0.00000000
   374: Ranked  295 of 332 - score   0.00000000
   381: Ranked  296 of 332 - score   0.00000000
   387: Ranked  297 of 332 - score   0.00000000
   397: Ranked  298 of 332 - score   0.00000000
   401: Ranked  299 of 332 - score   0.00000000
   409: Ranked  300 of 332 - score   0.00000000
   414: Ranked  301 of 332 - score   0.00000000
   429: Ranked  302 of 332 - score   0.00000000
   490: Ranked  303 of 332 - score   0.00000000
   493: Ranked  304 of 332 - score   0.00000000
   517: Ranked  305 of 332 - score   0.00000000
   518: Ranked  306 of 332 - score   0.00000000
   523: Ranked  307 of 332 - score   0.00000000
   525: Ranked  308 of 332 - score   0.00000000
   544: Ranked  309 of 332 - score   0.00000000
   624: Ranked  310 of 332 - score   0.00000000
   646: Ranked  311 of 332 - score   0.00000000
   647: Ranked  312 of 332 - score   0.00000000
   655: Ranked  313 of 332 - score   0.00000000
   671: Ranked  314 of 332 - score   0.00000000
   741: Ranked  315 of 332 - score   0.00000000
   777: Ranked  316 of 332 - score   0.00000000
  1263: Ranked  317 of 332 - score   0.00000000
  1304: Ranked  318 of 332 - score   0.00000000
  1306: Ranked  319 of 332 - score   0.00000000
  1323: Ranked  320 of 332 - score   0.00000000
  1350: Ranked  321 of 332 - score   0.00000000
  1361: Ranked  322 of 332 - score   0.00000000
  1441: Ranked  323 of 332 - score   0.00000000
  1458: Ranked  324 of 332 - score   0.00000000
  1459: Ranked  325 of 332 - score   0.00000000
  1461: Ranked  326 of 332 - score   0.00000000
  1486: Ranked  327 of 332 - score   0.00000000
  1488: Ranked  328 of 332 - score   0.00000000
  1547: Ranked  329 of 332 - score   0.00000000
  1647: Ranked  330 of 332 - score   0.00000000
  1666: Ranked  331 of 332 - score   0.00000000
  1704: Ranked  332 of 332 - score   0.00000000
