     7: Ranked 1065 of 1740 - $   375
    10: Ranked 1442 of 1740 - $   263
    11: Ranked  183 of 1740 - $   430
    33: Ranked  279 of 1740 - $   968
    40: Ranked 1013 of 1740 - $   269
    53: Ranked  390 of 1740 - $   430
    56: Ranked  963 of 1740 - $   532
    58: Ranked  724 of 1740 - $   355
    60: Ranked  653 of 1740 - $   349
    63: Ranked  134 of 1740 - $   731
    69: Ranked  199 of 1740 - $   688
    70: Ranked   78 of 1740 - $   752
    75: Ranked  380 of 1740 - $   295
    93: Ranked  258 of 1740 - $   358
    95: Ranked  295 of 1740 - $   500
   103: Ranked  672 of 1740 - $  5380
   106: Ranked  904 of 1740 - $   269
   107: Ranked  670 of 1740 - $   753
   111: Ranked  734 of 1740 - $  1291
   125: Ranked  898 of 1740 - $   175
   130: Ranked  528 of 1740 - $   209
   139: Ranked  902 of 1740 - $   269
   141: Ranked 1603 of 1740 - $  1022
   152: Ranked  607 of 1740 - $   484
   153: Ranked  277 of 1740 - $   344
   163: Ranked  885 of 1740 - $   536
   168: Ranked  798 of 1740 - $   564
   170: Ranked 1203 of 1740 - $   175
   172: Ranked   69 of 1740 - $ 10760
   177: Ranked 1151 of 1740 - $  3174
   178: Ranked  137 of 1740 - $  6348
   180: Ranked 1071 of 1740 - $  1291
   190: Ranked 1317 of 1740 - $   462
   192: Ranked  110 of 1740 - $  1076
   194: Ranked 1491 of 1740 - $   242
   202: Ranked  674 of 1740 - $   833
   203: Ranked 1099 of 1740 - $   349
   234: Ranked 1211 of 1740 - $   174
   240: Ranked 1250 of 1740 - $   269
   246: Ranked 1301 of 1740 - $  2226
   258: Ranked  408 of 1740 - $   376
   260: Ranked 1465 of 1740 - $  2226
   270: Ranked  218 of 1740 - $  2226
   273: Ranked 1112 of 1740 - $   192
   274: Ranked 1232 of 1740 - $  2690
   283: Ranked  965 of 1740 - $   267
   287: Ranked  755 of 1740 - $   484
   289: Ranked  122 of 1740 - $   955
   301: Ranked 1485 of 1740 - $   511
   316: Ranked  846 of 1740 - $   215
   318: Ranked 1350 of 1740 - $   591
   319: Ranked 1545 of 1740 - $   215
   321: Ranked  689 of 1740 - $  1377
   338: Ranked  962 of 1740 - $   358
   345: Ranked  774 of 1740 - $   181
   347: Ranked  318 of 1740 - $   618
   356: Ranked  826 of 1740 - $   236
   363: Ranked 1102 of 1740 - $   322
   370: Ranked 1547 of 1740 - $   322
   374: Ranked 1014 of 1740 - $  5272
   385: Ranked 1430 of 1740 - $   177
   386: Ranked  775 of 1740 - $   204
   392: Ranked 1267 of 1740 - $   322
   397: Ranked  745 of 1740 - $   295
   399: Ranked 1360 of 1740 - $   376
   407: Ranked 1135 of 1740 - $   538
   409: Ranked  514 of 1740 - $  5218
   412: Ranked   60 of 1740 - $  1505
   413: Ranked  451 of 1740 - $   376
   414: Ranked  411 of 1740 - $   430
   421: Ranked  611 of 1740 - $   538
   431: Ranked  997 of 1740 - $   286
   433: Ranked 1332 of 1740 - $  1074
   453: Ranked 1402 of 1740 - $   239
   456: Ranked 1129 of 1740 - $   242
   462: Ranked   81 of 1740 - $   884
   466: Ranked  638 of 1740 - $   236
   468: Ranked  680 of 1740 - $   236
   473: Ranked  568 of 1740 - $  2226
   475: Ranked  954 of 1740 - $   269
   479: Ranked  797 of 1740 - $   540
   483: Ranked 1452 of 1740 - $   242
   488: Ranked 1115 of 1740 - $   268
   494: Ranked   19 of 1740 - $ 10758
   499: Ranked  711 of 1740 - $   215
   502: Ranked  356 of 1740 - $   468
   503: Ranked  270 of 1740 - $   379
   508: Ranked 1216 of 1740 - $   645
   511: Ranked 1457 of 1740 - $  1828
   513: Ranked 1388 of 1740 - $ 10760
   518: Ranked 1195 of 1740 - $   484
   519: Ranked 1073 of 1740 - $   430
   524: Ranked  446 of 1740 - $  2226
   550: Ranked 1326 of 1740 - $   645
   551: Ranked  464 of 1740 - $   358
   554: Ranked  604 of 1740 - $   430
   556: Ranked  884 of 1740 - $   358
   577: Ranked  355 of 1740 - $   306
   582: Ranked 1315 of 1740 - $ 74695
   583: Ranked  750 of 1740 - $   176
   585: Ranked  712 of 1740 - $   193
   588: Ranked  330 of 1740 - $   376
   596: Ranked 1504 of 1740 - $   236
   597: Ranked  912 of 1740 - $   317
   604: Ranked  413 of 1740 - $   322
   606: Ranked 1224 of 1740 - $   538
   607: Ranked  839 of 1740 - $   242
   612: Ranked  175 of 1740 - $  4842
   616: Ranked  401 of 1740 - $   358
   621: Ranked 1270 of 1740 - $   187
   627: Ranked 1260 of 1740 - $  1076
   629: Ranked 1482 of 1740 - $   371
   630: Ranked 1034 of 1740 - $   214
   632: Ranked 1434 of 1740 - $   176
   642: Ranked  621 of 1740 - $   267
   652: Ranked  576 of 1740 - $   242
   659: Ranked 1085 of 1740 - $   644
   671: Ranked  387 of 1740 - $   376
   674: Ranked 1046 of 1740 - $   175
   675: Ranked   11 of 1740 - $  5918
   678: Ranked  983 of 1740 - $   532
   682: Ranked  260 of 1740 - $   376
   683: Ranked  385 of 1740 - $   538
   687: Ranked 1028 of 1740 - $   242
   695: Ranked  676 of 1740 - $   540
   702: Ranked 1165 of 1740 - $   175
   712: Ranked  974 of 1740 - $   376
   713: Ranked 1567 of 1740 - $   914
   714: Ranked  690 of 1740 - $  2226
   719: Ranked 1047 of 1740 - $   243
   720: Ranked 1349 of 1740 - $   324
   721: Ranked 1426 of 1740 - $  2226
   743: Ranked 1374 of 1740 - $   269
   747: Ranked 1581 of 1740 - $   242
   769: Ranked 1296 of 1740 - $   204
   776: Ranked  213 of 1740 - $   403
   779: Ranked  225 of 1740 - $   716
   781: Ranked 1215 of 1740 - $   269
   782: Ranked 1223 of 1740 - $   200
   793: Ranked 1257 of 1740 - $   269
   794: Ranked 1020 of 1740 - $   538
   802: Ranked  470 of 1740 - $   277
   804: Ranked  253 of 1740 - $   430
   809: Ranked 1254 of 1740 - $   175
   812: Ranked 1561 of 1740 - $   295
   814: Ranked  223 of 1740 - $   968
   816: Ranked  737 of 1740 - $   269
   818: Ranked 1347 of 1740 - $   484
   827: Ranked 1080 of 1740 - $   269
   830: Ranked  835 of 1740 - $   214
   831: Ranked  397 of 1740 - $   349
   834: Ranked 1321 of 1740 - $   274
   840: Ranked 1549 of 1740 - $   242
   848: Ranked  654 of 1740 - $   220
   851: Ranked  991 of 1740 - $   484
   853: Ranked 1023 of 1740 - $   150
   867: Ranked 1663 of 1740 - $  1164
   872: Ranked 1064 of 1740 - $   203
   881: Ranked  527 of 1740 - $  2150
   884: Ranked  405 of 1740 - $ 10760
   887: Ranked 1089 of 1740 - $   249
   890: Ranked  853 of 1740 - $   406
   894: Ranked 1186 of 1740 - $   440
   896: Ranked  876 of 1740 - $   213
   903: Ranked  651 of 1740 - $   365
   906: Ranked  717 of 1740 - $  1614
   919: Ranked   15 of 1740 - $  2474
   930: Ranked  321 of 1740 - $   242
   932: Ranked  418 of 1740 - $   358
   934: Ranked  778 of 1740 - $   193
   951: Ranked 1078 of 1740 - $   176
   963: Ranked   87 of 1740 - $  7530
   964: Ranked 1048 of 1740 - $   175
   965: Ranked    5 of 1740 - $  2637
   978: Ranked 1466 of 1740 - $  2226
   983: Ranked 1118 of 1740 - $   236
   984: Ranked 1263 of 1740 - $   176
   987: Ranked  679 of 1740 - $  3633
   990: Ranked 1127 of 1740 - $   238
   992: Ranked 1371 of 1740 - $   511
   993: Ranked  992 of 1740 - $   204
   994: Ranked  837 of 1740 - $  2226
   996: Ranked  655 of 1740 - $   356
  1003: Ranked 1199 of 1740 - $   269
  1016: Ranked 1192 of 1740 - $   182
  1034: Ranked  606 of 1740 - $   430
  1039: Ranked  573 of 1740 - $   833
  1043: Ranked  752 of 1740 - $   214
  1047: Ranked  910 of 1740 - $   232
  1051: Ranked 1690 of 1740 - $   322
  1064: Ranked  248 of 1740 - $   314
  1072: Ranked  584 of 1740 - $   325
  1074: Ranked  632 of 1740 - $   214
  1075: Ranked  169 of 1740 - $   332
  1079: Ranked 1053 of 1740 - $  2226
  1083: Ranked  650 of 1740 - $   306
  1084: Ranked  868 of 1740 - $   322
  1085: Ranked  810 of 1740 - $   375
  1097: Ranked  705 of 1740 - $   295
  1100: Ranked  588 of 1740 - $   233
  1104: Ranked  906 of 1740 - $   358
  1107: Ranked  671 of 1740 - $   429
  1117: Ranked  259 of 1740 - $   860
  1121: Ranked 1255 of 1740 - $   247
  1122: Ranked  802 of 1740 - $  1398
  1124: Ranked 1449 of 1740 - $   193
  1127: Ranked 1106 of 1740 - $   365
  1133: Ranked  804 of 1740 - $   214
  1134: Ranked 1154 of 1740 - $   536
  1156: Ranked 1307 of 1740 - $   177
  1157: Ranked 1277 of 1740 - $   317
  1158: Ranked 1526 of 1740 - $   236
  1161: Ranked 1167 of 1740 - $   322
  1166: Ranked  716 of 1740 - $   199
  1176: Ranked  740 of 1740 - $   322
  1180: Ranked 1012 of 1740 - $   176
  1183: Ranked 1585 of 1740 - $   209
  1187: Ranked  358 of 1740 - $   349
  1190: Ranked 1356 of 1740 - $   174
  1192: Ranked  931 of 1740 - $   349
  1198: Ranked  841 of 1740 - $ 10622
  1199: Ranked  855 of 1740 - $  1025
  1202: Ranked  848 of 1740 - $   242
  1205: Ranked 1537 of 1740 - $   408
  1206: Ranked 1235 of 1740 - $   107
  1209: Ranked 1017 of 1740 - $   538
  1216: Ranked  376 of 1740 - $   645
  1222: Ranked 1024 of 1740 - $   269
  1224: Ranked  142 of 1740 - $   855
  1228: Ranked 1559 of 1740 - $   176
  1230: Ranked  361 of 1740 - $   597
  1239: Ranked 1288 of 1740 - $   645
  1240: Ranked  715 of 1740 - $   285
  1241: Ranked  287 of 1740 - $   295
  1243: Ranked 1453 of 1740 - $   215
  1245: Ranked 1198 of 1740 - $   176
  1253: Ranked 1397 of 1740 - $   408
  1258: Ranked 1546 of 1740 - $   430
  1261: Ranked  182 of 1740 - $   855
  1262: Ranked  324 of 1740 - $  3228
  1268: Ranked  792 of 1740 - $   269
  1276: Ranked 1308 of 1740 - $   269
  1283: Ranked  512 of 1740 - $   425
  1286: Ranked 1564 of 1740 - $   175
  1308: Ranked 1528 of 1740 - $   171
  1311: Ranked  977 of 1740 - $   430
  1322: Ranked   17 of 1740 - $ 107598
  1324: Ranked  460 of 1740 - $   542
  1326: Ranked  772 of 1740 - $  1076
  1332: Ranked  738 of 1740 - $   242
  1333: Ranked  311 of 1740 - $   451
  1337: Ranked 1419 of 1740 - $   182
  1338: Ranked  104 of 1740 - $  2690
  1343: Ranked  909 of 1740 - $   175
  1346: Ranked  990 of 1740 - $  5326
  1360: Ranked 1520 of 1740 - $   190
  1364: Ranked 1109 of 1740 - $   181
  1365: Ranked  764 of 1740 - $   752
  1366: Ranked 1051 of 1740 - $  2167
  1367: Ranked  982 of 1740 - $   322
  1368: Ranked 1492 of 1740 - $   175
  1371: Ranked 1322 of 1740 - $   182
  1375: Ranked  652 of 1740 - $   403
  1378: Ranked  956 of 1740 - $   267
  1380: Ranked  437 of 1740 - $   173
  1387: Ranked  696 of 1740 - $   194
  1388: Ranked  967 of 1740 - $   349
  1393: Ranked 1428 of 1740 - $   176
  1395: Ranked 1113 of 1740 - $   190
  1397: Ranked  850 of 1740 - $   559
  1399: Ranked 1459 of 1740 - $   176
  1416: Ranked 1368 of 1740 - $   979
  1419: Ranked 1462 of 1740 - $   322
  1420: Ranked 1237 of 1740 - $   271
  1425: Ranked   97 of 1740 - $  1614
  1426: Ranked 1160 of 1740 - $   242
  1432: Ranked 1323 of 1740 - $   215
  1435: Ranked 1425 of 1740 - $   295
  1441: Ranked  940 of 1740 - $  5487
  1443: Ranked  927 of 1740 - $   358
  1446: Ranked  343 of 1740 - $   645
  1449: Ranked 1137 of 1740 - $   189
  1453: Ranked  542 of 1740 - $   376
  1458: Ranked  831 of 1740 - $   269
  1459: Ranked  683 of 1740 - $   190
  1462: Ranked 1276 of 1740 - $   175
  1469: Ranked  959 of 1740 - $   344
  1470: Ranked  469 of 1740 - $   295
  1471: Ranked  657 of 1740 - $   716
  1472: Ranked 1394 of 1740 - $   645
  1474: Ranked   88 of 1740 - $   525
  1477: Ranked 1299 of 1740 - $  1877
  1481: Ranked 1107 of 1740 - $   321
  1482: Ranked   39 of 1740 - $  5380
  1486: Ranked   24 of 1740 - $  3443
  1490: Ranked  801 of 1740 - $   542
  1494: Ranked  782 of 1740 - $   181
  1499: Ranked 1072 of 1740 - $   200
  1505: Ranked  828 of 1740 - $   235
  1511: Ranked  936 of 1740 - $   236
  1515: Ranked 1172 of 1740 - $   430
  1517: Ranked  191 of 1740 - $  1074
  1524: Ranked  834 of 1740 - $   228
  1525: Ranked  901 of 1740 - $   525
  1530: Ranked  614 of 1740 - $   564
  1538: Ranked  583 of 1740 - $  2150
  1542: Ranked  414 of 1740 - $  2226
  1543: Ranked 1378 of 1740 - $  1076
  1545: Ranked 1359 of 1740 - $  2226
  1547: Ranked 1357 of 1740 - $  1074
  1548: Ranked 1239 of 1740 - $   215
  1555: Ranked 1116 of 1740 - $   175
  1562: Ranked 1518 of 1740 - $   322
  1569: Ranked  149 of 1740 - $   968
  1572: Ranked 1304 of 1740 - $   192
  1574: Ranked  377 of 1740 - $  1070
  1589: Ranked  575 of 1740 - $   242
  1591: Ranked 1572 of 1740 - $   538
  1593: Ranked 1562 of 1740 - $   484
  1599: Ranked 1318 of 1740 - $   234
  1600: Ranked 1458 of 1740 - $   540
  1608: Ranked   31 of 1740 - $  9059
  1622: Ranked 1731 of 1740 - $  1076
  1625: Ranked  879 of 1740 - $   177
  1631: Ranked  663 of 1740 - $   290
  1633: Ranked 1275 of 1740 - $   538
  1634: Ranked 1279 of 1740 - $  2226
  1636: Ranked  874 of 1740 - $   349
  1641: Ranked 1563 of 1740 - $   269
  1643: Ranked 1036 of 1740 - $   236
  1644: Ranked  998 of 1740 - $   322
  1647: Ranked  703 of 1740 - $   376
  1648: Ranked 1021 of 1740 - $   536
  1650: Ranked  536 of 1740 - $   358
  1651: Ranked  436 of 1740 - $   494
  1667: Ranked  450 of 1740 - $   290
  1675: Ranked  303 of 1740 - $   935
  1676: Ranked 1441 of 1740 - $   232
  1677: Ranked  334 of 1740 - $   468
  1696: Ranked  482 of 1740 - $  1291
  1704: Ranked 1484 of 1740 - $   376
  1708: Ranked  488 of 1740 - $   321
  1712: Ranked  235 of 1740 - $   269
  1714: Ranked  145 of 1740 - $   967
  1724: Ranked   10 of 1740 - $  2690
  1731: Ranked  522 of 1740 - $  2226
  1738: Ranked  221 of 1740 - $  2259